<?xml version="1.0" encoding="UTF-8"?>
<!-- Generated by org.testng.reporters.JUnitReportReporter -->
<testsuite hostname="Avi" failures="0" tests="1" name="avi.e_Commerce_tc_3" time="18.847" errors="0" timestamp="2023-09-17T23:46:42 BDT" skipped="0">
  <testcase classname="avi.e_Commerce_tc_3" name="FillForm" time="18.847"/>
</testsuite> <!-- avi.e_Commerce_tc_3 -->
