<?xml version="1.0" encoding="UTF-8"?>
<!-- Generated by org.testng.reporters.JUnitReportReporter -->
<testsuite hostname="Avi" failures="0" tests="2" name="org.avi.e_Commerce_tc_3" time="40.712" errors="0" timestamp="2023-09-24T21:00:07 BDT" skipped="0">
  <testcase classname="org.avi.e_Commerce_tc_3" name="FillForm" time="21.320"/>
  <system-out/>
  <testcase classname="org.avi.e_Commerce_tc_3" name="FillForm" time="19.392"/>
  <system-out/>
</testsuite> <!-- org.avi.e_Commerce_tc_3 -->
