<?xml version="1.0" encoding="UTF-8"?>
<!-- Generated by org.testng.reporters.JUnitReportReporter -->
<testsuite hostname="Avi" failures="0" tests="1" name="avi.e_Commerce_tc_1" time="24.643" errors="0" timestamp="2023-09-20T21:11:48 BDT" skipped="0">
  <testcase classname="avi.e_Commerce_tc_1" name="FillForm" time="24.643"/>
</testsuite> <!-- avi.e_Commerce_tc_1 -->
