<?xml version="1.0" encoding="UTF-8"?>
<!-- Generated by org.testng.reporters.JUnitReportReporter -->
<testsuite hostname="Avi" failures="0" tests="1" name="avi.WifiSettingsName" time="5.162" errors="0" timestamp="2023-09-20T20:46:54 BDT" skipped="0">
  <testcase classname="avi.WifiSettingsName" name="AppiumTest" time="5.162"/>
</testsuite> <!-- avi.WifiSettingsName -->
