<?xml version="1.0" encoding="UTF-8"?>
<!-- Generated by org.testng.reporters.JUnitReportReporter -->
<testsuite hostname="Avi" failures="0" tests="1" name="avi.AppiumBasics" time="5.482" errors="0" timestamp="2023-09-20T20:46:54 BDT" skipped="0">
  <testcase classname="avi.AppiumBasics" name="AppiumTest" time="5.482"/>
</testsuite> <!-- avi.AppiumBasics -->
